[0909/113052.764:INFO:CONSOLE(150)] "Event handler of 'x-storagemutated-1' event must be added on the initial evaluation of worker script.", source: https://static.whatsapp.net/rsrc.php/v3/yL/r/Z0TPhS0RCj5.js?_nc_x=Ij3Wp8lg5Kz (150)
[0909/113056.088:INFO:CONSOLE(0)] "Error with Permissions-Policy header: Feature xr-spatial-tracking's parameters are ignored.", source:  (0)
[0909/113056.088:INFO:CONSOLE(0)] "Error with Permissions-Policy header: Origin trial controlled feature not enabled: 'attribution-reporting'.", source:  (0)
[0909/113056.088:INFO:CONSOLE(0)] "Error with Permissions-Policy header: Unrecognized feature: 'compute-pressure'.", source:  (0)
[0909/113056.088:INFO:CONSOLE(0)] "Error with Permissions-Policy header: Origin trial controlled feature not enabled: 'interest-cohort'.", source:  (0)
[0909/113056.088:INFO:CONSOLE(0)] "Error with Permissions-Policy header: Unrecognized feature: 'private-state-token-issuance'.", source:  (0)
[0909/113056.088:INFO:CONSOLE(0)] "Error with Permissions-Policy header: Origin trial controlled feature not enabled: 'shared-storage'.", source:  (0)
[0909/113056.088:INFO:CONSOLE(0)] "Error with Permissions-Policy header: Unrecognized feature: 'shared-storage-select-url'.", source:  (0)
[0909/113056.088:INFO:CONSOLE(0)] "Error with Permissions-Policy header: Unrecognized feature: 'private-state-token-redemption'.", source:  (0)
[0909/113056.088:INFO:CONSOLE(0)] "Error with Permissions-Policy header: Unrecognized feature: 'unload'.", source:  (0)
[0909/113056.088:INFO:CONSOLE(0)] "Error with Permissions-Policy header: Unrecognized feature: 'window-management'.", source:  (0)
[0909/113057.933:INFO:CONSOLE(150)] "Event handler of 'x-storagemutated-1' event must be added on the initial evaluation of worker script.", source: https://static.whatsapp.net/rsrc.php/v3/yL/r/Z0TPhS0RCj5.js?_nc_x=Ij3Wp8lg5Kz (150)
[0909/113059.275:INFO:CONSOLE(342)] "WAWebLoggerWorker initialized", source: https://static.whatsapp.net/rsrc.php/v3/yw/r/4Nb4oyv3XvH.js?_nc_x=Ij3Wp8lg5Kz (342)
[0909/113059.276:INFO:CONSOLE(342)] "[storage] start setSchemaVersions from fts worker interface", source: https://static.whatsapp.net/rsrc.php/v3/yw/r/4Nb4oyv3XvH.js?_nc_x=Ij3Wp8lg5Kz (342)
[0909/113059.276:INFO:CONSOLE(342)] "[storage] set schema versions: [model-storage,158,fts-storage,8,jobs-storage,1,lru-media-storage-idb,2,offd-storage,4,qpl-storage,0,signal-storage,6,worker-storage,1,sw,2,wawc,14,wawc_db_enc,2]. is worker? true", source: https://static.whatsapp.net/rsrc.php/v3/yw/r/4Nb4oyv3XvH.js?_nc_x=Ij3Wp8lg5Kz (342)
[0909/113115.455:INFO:CONSOLE(342)] "FTS:Delegate: start indexer", source: https://static.whatsapp.net/rsrc.php/v3/yw/r/4Nb4oyv3XvH.js?_nc_x=Ij3Wp8lg5Kz (342)
[0909/113115.455:INFO:CONSOLE(342)] "FTS:Delegate: start perform init", source: https://static.whatsapp.net/rsrc.php/v3/yw/r/4Nb4oyv3XvH.js?_nc_x=Ij3Wp8lg5Kz (342)
[0909/113115.455:INFO:CONSOLE(342)] "FTS:Delegate: schema versions ready", source: https://static.whatsapp.net/rsrc.php/v3/yw/r/4Nb4oyv3XvH.js?_nc_x=Ij3Wp8lg5Kz (342)
[0909/113115.455:INFO:CONSOLE(342)] "FTS:Delegate: before db initialization", source: https://static.whatsapp.net/rsrc.php/v3/yw/r/4Nb4oyv3XvH.js?_nc_x=Ij3Wp8lg5Kz (342)
[0909/113117.338:INFO:CONSOLE(342)] "FTS:Delegate: after db initialization", source: https://static.whatsapp.net/rsrc.php/v3/yw/r/4Nb4oyv3XvH.js?_nc_x=Ij3Wp8lg5Kz (342)
[0909/113117.341:INFO:CONSOLE(342)] "FTS:Manifest Writer: No changes made, current:['3.1', '1'], latest:['3.1', '1']", source: https://static.whatsapp.net/rsrc.php/v3/yw/r/4Nb4oyv3XvH.js?_nc_x=Ij3Wp8lg5Kz (342)
[0909/113117.341:INFO:CONSOLE(342)] "FTS:Delegate: Inited", source: https://static.whatsapp.net/rsrc.php/v3/yw/r/4Nb4oyv3XvH.js?_nc_x=Ij3Wp8lg5Kz (342)
[0909/113117.342:INFO:CONSOLE(342)] "FTS:Delegate: Init indexing ops", source: https://static.whatsapp.net/rsrc.php/v3/yw/r/4Nb4oyv3XvH.js?_nc_x=Ij3Wp8lg5Kz (342)
[0909/113117.348:INFO:CONSOLE(342)] "FTS:Indexer:indexQueuedBatch: Starting new batch size : 1000", source: https://static.whatsapp.net/rsrc.php/v3/yw/r/4Nb4oyv3XvH.js?_nc_x=Ij3Wp8lg5Kz (342)
[0909/113143.158:INFO:CONSOLE(342)] "FTS:Indexer:indexQueuedBatch: Completed batch", source: https://static.whatsapp.net/rsrc.php/v3/yw/r/4Nb4oyv3XvH.js?_nc_x=Ij3Wp8lg5Kz (342)
[0909/113143.296:INFO:CONSOLE(342)] "FTS:Indexer:indexQueuedBatch: Completed batch", source: https://static.whatsapp.net/rsrc.php/v3/yw/r/4Nb4oyv3XvH.js?_nc_x=Ij3Wp8lg5Kz (342)
[0909/113143.301:INFO:CONSOLE(342)] "FTS:Indexer:indexQueuedBatch: Completed", source: https://static.whatsapp.net/rsrc.php/v3/yw/r/4Nb4oyv3XvH.js?_nc_x=Ij3Wp8lg5Kz (342)
[0909/113145.071:INFO:CONSOLE(342)] "FTS:Indexer:indexQueuedBatch: Starting new batch size : 1000", source: https://static.whatsapp.net/rsrc.php/v3/yw/r/4Nb4oyv3XvH.js?_nc_x=Ij3Wp8lg5Kz (342)
[0909/113145.089:INFO:CONSOLE(342)] "FTS:Indexer:indexQueuedBatch: Completed batch", source: https://static.whatsapp.net/rsrc.php/v3/yw/r/4Nb4oyv3XvH.js?_nc_x=Ij3Wp8lg5Kz (342)
[0909/113145.089:INFO:CONSOLE(342)] "FTS:Indexer:indexQueuedBatch: Completed", source: https://static.whatsapp.net/rsrc.php/v3/yw/r/4Nb4oyv3XvH.js?_nc_x=Ij3Wp8lg5Kz (342)
[0909/113146.967:INFO:CONSOLE(342)] "FTS:Indexer:indexQueuedBatch: Starting new batch size : 1000", source: https://static.whatsapp.net/rsrc.php/v3/yw/r/4Nb4oyv3XvH.js?_nc_x=Ij3Wp8lg5Kz (342)
[0909/113147.040:INFO:CONSOLE(342)] "FTS:Indexer:indexQueuedBatch: Completed batch", source: https://static.whatsapp.net/rsrc.php/v3/yw/r/4Nb4oyv3XvH.js?_nc_x=Ij3Wp8lg5Kz (342)
[0909/113147.068:INFO:CONSOLE(342)] "FTS:Indexer:indexQueuedBatch: Completed", source: https://static.whatsapp.net/rsrc.php/v3/yw/r/4Nb4oyv3XvH.js?_nc_x=Ij3Wp8lg5Kz (342)
[0909/113200.594:INFO:CONSOLE(342)] "FTS:Indexer:indexQueuedBatch: Starting new batch size : 1000", source: https://static.whatsapp.net/rsrc.php/v3/yw/r/4Nb4oyv3XvH.js?_nc_x=Ij3Wp8lg5Kz (342)
[0909/113200.615:INFO:CONSOLE(342)] "FTS:Indexer:indexQueuedBatch: Completed", source: https://static.whatsapp.net/rsrc.php/v3/yw/r/4Nb4oyv3XvH.js?_nc_x=Ij3Wp8lg5Kz (342)
[0909/113203.069:INFO:CONSOLE(342)] "FTS:Indexer:indexQueuedBatch: Starting new batch size : 1000", source: https://static.whatsapp.net/rsrc.php/v3/yw/r/4Nb4oyv3XvH.js?_nc_x=Ij3Wp8lg5Kz (342)
[0909/113203.074:INFO:CONSOLE(342)] "FTS:Indexer:indexQueuedBatch: Completed batch", source: https://static.whatsapp.net/rsrc.php/v3/yw/r/4Nb4oyv3XvH.js?_nc_x=Ij3Wp8lg5Kz (342)
[0909/113203.077:INFO:CONSOLE(342)] "FTS:Indexer:indexQueuedBatch: Completed", source: https://static.whatsapp.net/rsrc.php/v3/yw/r/4Nb4oyv3XvH.js?_nc_x=Ij3Wp8lg5Kz (342)
[0909/113212.630:INFO:CONSOLE(342)] "FTS:Indexer:indexQueuedBatch: Starting new batch size : 1000", source: https://static.whatsapp.net/rsrc.php/v3/yw/r/4Nb4oyv3XvH.js?_nc_x=Ij3Wp8lg5Kz (342)
[0909/113212.631:INFO:CONSOLE(342)] "FTS:Indexer:indexQueuedBatch: Completed batch", source: https://static.whatsapp.net/rsrc.php/v3/yw/r/4Nb4oyv3XvH.js?_nc_x=Ij3Wp8lg5Kz (342)
[0909/113212.631:INFO:CONSOLE(342)] "FTS:Indexer:indexQueuedBatch: Completed", source: https://static.whatsapp.net/rsrc.php/v3/yw/r/4Nb4oyv3XvH.js?_nc_x=Ij3Wp8lg5Kz (342)
[0909/113215.400:INFO:CONSOLE(342)] "FTS:Indexer:indexQueuedBatch: Starting new batch size : 1000", source: https://static.whatsapp.net/rsrc.php/v3/yw/r/4Nb4oyv3XvH.js?_nc_x=Ij3Wp8lg5Kz (342)
[0909/113215.407:INFO:CONSOLE(342)] "FTS:Indexer:indexQueuedBatch: Completed batch", source: https://static.whatsapp.net/rsrc.php/v3/yw/r/4Nb4oyv3XvH.js?_nc_x=Ij3Wp8lg5Kz (342)
[0909/113215.417:INFO:CONSOLE(342)] "FTS:Indexer:indexQueuedBatch: Completed", source: https://static.whatsapp.net/rsrc.php/v3/yw/r/4Nb4oyv3XvH.js?_nc_x=Ij3Wp8lg5Kz (342)
[0909/113253.174:INFO:CONSOLE(342)] "FTS:Indexer:indexQueuedBatch: Starting new batch size : 1000", source: https://static.whatsapp.net/rsrc.php/v3/yw/r/4Nb4oyv3XvH.js?_nc_x=Ij3Wp8lg5Kz (342)
[0909/113254.161:INFO:CONSOLE(342)] "FTS:Indexer:indexQueuedBatch: Completed batch", source: https://static.whatsapp.net/rsrc.php/v3/yw/r/4Nb4oyv3XvH.js?_nc_x=Ij3Wp8lg5Kz (342)
[0909/113254.166:INFO:CONSOLE(342)] "FTS:Indexer:indexQueuedBatch: Completed", source: https://static.whatsapp.net/rsrc.php/v3/yw/r/4Nb4oyv3XvH.js?_nc_x=Ij3Wp8lg5Kz (342)
[0909/115345.734:INFO:CONSOLE(342)] "FTS:Indexer:indexQueuedBatch: Starting new batch size : 1000", source: https://static.whatsapp.net/rsrc.php/v3/yw/r/4Nb4oyv3XvH.js?_nc_x=Ij3Wp8lg5Kz (342)
[0909/115345.741:INFO:CONSOLE(342)] "FTS:Indexer:indexQueuedBatch: Completed batch", source: https://static.whatsapp.net/rsrc.php/v3/yw/r/4Nb4oyv3XvH.js?_nc_x=Ij3Wp8lg5Kz (342)
[0909/115345.742:INFO:CONSOLE(342)] "FTS:Indexer:indexQueuedBatch: Completed", source: https://static.whatsapp.net/rsrc.php/v3/yw/r/4Nb4oyv3XvH.js?_nc_x=Ij3Wp8lg5Kz (342)
[0909/120339.932:INFO:CONSOLE(342)] "FTS:Indexer:indexQueuedBatch: Starting new batch size : 1000", source: https://static.whatsapp.net/rsrc.php/v3/yw/r/4Nb4oyv3XvH.js?_nc_x=Ij3Wp8lg5Kz (342)
[0909/120339.955:INFO:CONSOLE(342)] "FTS:Indexer:indexQueuedBatch: Completed batch", source: https://static.whatsapp.net/rsrc.php/v3/yw/r/4Nb4oyv3XvH.js?_nc_x=Ij3Wp8lg5Kz (342)
[0909/120339.955:INFO:CONSOLE(342)] "FTS:Indexer:indexQueuedBatch: Completed", source: https://static.whatsapp.net/rsrc.php/v3/yw/r/4Nb4oyv3XvH.js?_nc_x=Ij3Wp8lg5Kz (342)
[0909/120400.802:INFO:CONSOLE(342)] "FTS:Indexer:indexQueuedBatch: Starting new batch size : 1000", source: https://static.whatsapp.net/rsrc.php/v3/yw/r/4Nb4oyv3XvH.js?_nc_x=Ij3Wp8lg5Kz (342)
[0909/120400.822:INFO:CONSOLE(342)] "FTS:Indexer:indexQueuedBatch: Completed batch", source: https://static.whatsapp.net/rsrc.php/v3/yw/r/4Nb4oyv3XvH.js?_nc_x=Ij3Wp8lg5Kz (342)
[0909/120400.823:INFO:CONSOLE(342)] "FTS:Indexer:indexQueuedBatch: Completed", source: https://static.whatsapp.net/rsrc.php/v3/yw/r/4Nb4oyv3XvH.js?_nc_x=Ij3Wp8lg5Kz (342)
[0909/121257.408:INFO:CONSOLE(342)] "FTS:Indexer:indexQueuedBatch: Starting new batch size : 1000", source: https://static.whatsapp.net/rsrc.php/v3/yw/r/4Nb4oyv3XvH.js?_nc_x=Ij3Wp8lg5Kz (342)
[0909/121257.437:INFO:CONSOLE(342)] "FTS:Indexer:indexQueuedBatch: Completed batch", source: https://static.whatsapp.net/rsrc.php/v3/yw/r/4Nb4oyv3XvH.js?_nc_x=Ij3Wp8lg5Kz (342)
[0909/121257.437:INFO:CONSOLE(342)] "FTS:Indexer:indexQueuedBatch: Completed", source: https://static.whatsapp.net/rsrc.php/v3/yw/r/4Nb4oyv3XvH.js?_nc_x=Ij3Wp8lg5Kz (342)
[0909/121658.078:INFO:CONSOLE(342)] "FTS:Indexer:indexQueuedBatch: Starting new batch size : 1000", source: https://static.whatsapp.net/rsrc.php/v3/yw/r/4Nb4oyv3XvH.js?_nc_x=Ij3Wp8lg5Kz (342)
[0909/121658.084:INFO:CONSOLE(342)] "FTS:Indexer:indexQueuedBatch: Completed", source: https://static.whatsapp.net/rsrc.php/v3/yw/r/4Nb4oyv3XvH.js?_nc_x=Ij3Wp8lg5Kz (342)
[0909/121658.995:INFO:CONSOLE(150)] "Event handler of 'x-storagemutated-1' event must be added on the initial evaluation of worker script.", source: https://static.whatsapp.net/rsrc.php/v3/yL/r/Z0TPhS0RCj5.js?_nc_x=Ij3Wp8lg5Kz (150)
[0909/122018.753:INFO:CONSOLE(342)] "FTS:Indexer:indexQueuedBatch: Starting new batch size : 1000", source: https://static.whatsapp.net/rsrc.php/v3/yw/r/4Nb4oyv3XvH.js?_nc_x=Ij3Wp8lg5Kz (342)
[0909/122018.773:INFO:CONSOLE(342)] "FTS:Indexer:indexQueuedBatch: Completed batch", source: https://static.whatsapp.net/rsrc.php/v3/yw/r/4Nb4oyv3XvH.js?_nc_x=Ij3Wp8lg5Kz (342)
[0909/122018.773:INFO:CONSOLE(342)] "FTS:Indexer:indexQueuedBatch: Completed", source: https://static.whatsapp.net/rsrc.php/v3/yw/r/4Nb4oyv3XvH.js?_nc_x=Ij3Wp8lg5Kz (342)
[0909/122024.264:INFO:CONSOLE(342)] "FTS:Indexer:indexQueuedBatch: Starting new batch size : 1000", source: https://static.whatsapp.net/rsrc.php/v3/yw/r/4Nb4oyv3XvH.js?_nc_x=Ij3Wp8lg5Kz (342)
[0909/122024.284:INFO:CONSOLE(342)] "FTS:Indexer:indexQueuedBatch: Completed", source: https://static.whatsapp.net/rsrc.php/v3/yw/r/4Nb4oyv3XvH.js?_nc_x=Ij3Wp8lg5Kz (342)
[0909/122034.520:INFO:CONSOLE(342)] "FTS:Indexer:indexQueuedBatch: Starting new batch size : 1000", source: https://static.whatsapp.net/rsrc.php/v3/yw/r/4Nb4oyv3XvH.js?_nc_x=Ij3Wp8lg5Kz (342)
[0909/122034.543:INFO:CONSOLE(342)] "FTS:Indexer:indexQueuedBatch: Completed", source: https://static.whatsapp.net/rsrc.php/v3/yw/r/4Nb4oyv3XvH.js?_nc_x=Ij3Wp8lg5Kz (342)
[0909/123621.874:INFO:CONSOLE(342)] "FTS:Indexer:indexQueuedBatch: Starting new batch size : 1000", source: https://static.whatsapp.net/rsrc.php/v3/yw/r/4Nb4oyv3XvH.js?_nc_x=Ij3Wp8lg5Kz (342)
[0909/123622.743:INFO:CONSOLE(342)] "FTS:Indexer:indexQueuedBatch: Completed batch", source: https://static.whatsapp.net/rsrc.php/v3/yw/r/4Nb4oyv3XvH.js?_nc_x=Ij3Wp8lg5Kz (342)
[0909/123622.758:INFO:CONSOLE(342)] "FTS:Indexer:indexQueuedBatch: Completed", source: https://static.whatsapp.net/rsrc.php/v3/yw/r/4Nb4oyv3XvH.js?_nc_x=Ij3Wp8lg5Kz (342)
[0909/123627.174:INFO:CONSOLE(342)] "FTS:Indexer:indexQueuedBatch: Starting new batch size : 1000", source: https://static.whatsapp.net/rsrc.php/v3/yw/r/4Nb4oyv3XvH.js?_nc_x=Ij3Wp8lg5Kz (342)
[0909/123627.270:INFO:CONSOLE(342)] "FTS:Indexer:indexQueuedBatch: Completed", source: https://static.whatsapp.net/rsrc.php/v3/yw/r/4Nb4oyv3XvH.js?_nc_x=Ij3Wp8lg5Kz (342)
[0909/123632.977:INFO:CONSOLE(342)] "FTS:Indexer:indexQueuedBatch: Starting new batch size : 1000", source: https://static.whatsapp.net/rsrc.php/v3/yw/r/4Nb4oyv3XvH.js?_nc_x=Ij3Wp8lg5Kz (342)
[0909/123632.987:INFO:CONSOLE(342)] "FTS:Indexer:indexQueuedBatch: Completed", source: https://static.whatsapp.net/rsrc.php/v3/yw/r/4Nb4oyv3XvH.js?_nc_x=Ij3Wp8lg5Kz (342)
[0909/123635.842:INFO:CONSOLE(342)] "FTS:Indexer:indexQueuedBatch: Starting new batch size : 1000", source: https://static.whatsapp.net/rsrc.php/v3/yw/r/4Nb4oyv3XvH.js?_nc_x=Ij3Wp8lg5Kz (342)
[0909/123636.049:INFO:CONSOLE(342)] "FTS:Indexer:indexQueuedBatch: Completed batch", source: https://static.whatsapp.net/rsrc.php/v3/yw/r/4Nb4oyv3XvH.js?_nc_x=Ij3Wp8lg5Kz (342)
[0909/123636.065:INFO:CONSOLE(342)] "FTS:Indexer:indexQueuedBatch: Completed", source: https://static.whatsapp.net/rsrc.php/v3/yw/r/4Nb4oyv3XvH.js?_nc_x=Ij3Wp8lg5Kz (342)
[0909/123638.394:INFO:CONSOLE(342)] "FTS:Indexer:indexQueuedBatch: Starting new batch size : 1000", source: https://static.whatsapp.net/rsrc.php/v3/yw/r/4Nb4oyv3XvH.js?_nc_x=Ij3Wp8lg5Kz (342)
[0909/123638.611:INFO:CONSOLE(342)] "FTS:Indexer:indexQueuedBatch: Completed batch", source: https://static.whatsapp.net/rsrc.php/v3/yw/r/4Nb4oyv3XvH.js?_nc_x=Ij3Wp8lg5Kz (342)
[0909/123638.623:INFO:CONSOLE(342)] "FTS:Indexer:indexQueuedBatch: Completed", source: https://static.whatsapp.net/rsrc.php/v3/yw/r/4Nb4oyv3XvH.js?_nc_x=Ij3Wp8lg5Kz (342)
[0909/123642.814:INFO:CONSOLE(342)] "FTS:Indexer:indexQueuedBatch: Starting new batch size : 1000", source: https://static.whatsapp.net/rsrc.php/v3/yw/r/4Nb4oyv3XvH.js?_nc_x=Ij3Wp8lg5Kz (342)
[0909/123642.845:INFO:CONSOLE(342)] "FTS:Indexer:indexQueuedBatch: Completed", source: https://static.whatsapp.net/rsrc.php/v3/yw/r/4Nb4oyv3XvH.js?_nc_x=Ij3Wp8lg5Kz (342)
[0909/123644.111:INFO:CONSOLE(150)] "Event handler of 'x-storagemutated-1' event must be added on the initial evaluation of worker script.", source: https://static.whatsapp.net/rsrc.php/v3/yL/r/Z0TPhS0RCj5.js?_nc_x=Ij3Wp8lg5Kz (150)
[0909/125119.730:INFO:CONSOLE(342)] "FTS:Indexer:indexQueuedBatch: Starting new batch size : 1000", source: https://static.whatsapp.net/rsrc.php/v3/yw/r/4Nb4oyv3XvH.js?_nc_x=Ij3Wp8lg5Kz (342)
[0909/125120.018:INFO:CONSOLE(342)] "FTS:Indexer:indexQueuedBatch: Completed batch", source: https://static.whatsapp.net/rsrc.php/v3/yw/r/4Nb4oyv3XvH.js?_nc_x=Ij3Wp8lg5Kz (342)
[0909/125120.020:INFO:CONSOLE(342)] "FTS:Indexer:indexQueuedBatch: Completed", source: https://static.whatsapp.net/rsrc.php/v3/yw/r/4Nb4oyv3XvH.js?_nc_x=Ij3Wp8lg5Kz (342)
[0909/125120.751:INFO:CONSOLE(150)] "Event handler of 'x-storagemutated-1' event must be added on the initial evaluation of worker script.", source: https://static.whatsapp.net/rsrc.php/v3/yL/r/Z0TPhS0RCj5.js?_nc_x=Ij3Wp8lg5Kz (150)
[0909/130100.017:INFO:CONSOLE(342)] "FTS:Indexer:indexQueuedBatch: Starting new batch size : 1000", source: https://static.whatsapp.net/rsrc.php/v3/yw/r/4Nb4oyv3XvH.js?_nc_x=Ij3Wp8lg5Kz (342)
[0909/130100.257:INFO:CONSOLE(342)] "FTS:Indexer:indexQueuedBatch: Completed batch", source: https://static.whatsapp.net/rsrc.php/v3/yw/r/4Nb4oyv3XvH.js?_nc_x=Ij3Wp8lg5Kz (342)
[0909/130100.279:INFO:CONSOLE(342)] "FTS:Indexer:indexQueuedBatch: Completed", source: https://static.whatsapp.net/rsrc.php/v3/yw/r/4Nb4oyv3XvH.js?_nc_x=Ij3Wp8lg5Kz (342)
[0909/130107.926:INFO:CONSOLE(342)] "FTS:Indexer:indexQueuedBatch: Starting new batch size : 1000", source: https://static.whatsapp.net/rsrc.php/v3/yw/r/4Nb4oyv3XvH.js?_nc_x=Ij3Wp8lg5Kz (342)
[0909/130108.701:INFO:CONSOLE(342)] "FTS:Indexer:indexQueuedBatch: Completed batch", source: https://static.whatsapp.net/rsrc.php/v3/yw/r/4Nb4oyv3XvH.js?_nc_x=Ij3Wp8lg5Kz (342)
[0909/130108.701:INFO:CONSOLE(342)] "FTS:Indexer:indexQueuedBatch: Completed", source: https://static.whatsapp.net/rsrc.php/v3/yw/r/4Nb4oyv3XvH.js?_nc_x=Ij3Wp8lg5Kz (342)
[0909/130118.621:INFO:CONSOLE(342)] "FTS:Indexer:indexQueuedBatch: Starting new batch size : 1000", source: https://static.whatsapp.net/rsrc.php/v3/yw/r/4Nb4oyv3XvH.js?_nc_x=Ij3Wp8lg5Kz (342)
[0909/130118.696:INFO:CONSOLE(342)] "FTS:Indexer:indexQueuedBatch: Completed batch", source: https://static.whatsapp.net/rsrc.php/v3/yw/r/4Nb4oyv3XvH.js?_nc_x=Ij3Wp8lg5Kz (342)
[0909/130118.696:INFO:CONSOLE(342)] "FTS:Indexer:indexQueuedBatch: Completed", source: https://static.whatsapp.net/rsrc.php/v3/yw/r/4Nb4oyv3XvH.js?_nc_x=Ij3Wp8lg5Kz (342)
[0909/130233.430:INFO:CONSOLE(342)] "FTS:Indexer:indexQueuedBatch: Starting new batch size : 1000", source: https://static.whatsapp.net/rsrc.php/v3/yw/r/4Nb4oyv3XvH.js?_nc_x=Ij3Wp8lg5Kz (342)
[0909/130233.580:INFO:CONSOLE(342)] "FTS:Indexer:indexQueuedBatch: Completed batch", source: https://static.whatsapp.net/rsrc.php/v3/yw/r/4Nb4oyv3XvH.js?_nc_x=Ij3Wp8lg5Kz (342)
[0909/130233.580:INFO:CONSOLE(342)] "FTS:Indexer:indexQueuedBatch: Completed", source: https://static.whatsapp.net/rsrc.php/v3/yw/r/4Nb4oyv3XvH.js?_nc_x=Ij3Wp8lg5Kz (342)
[0909/130234.085:INFO:CONSOLE(150)] "Event handler of 'x-storagemutated-1' event must be added on the initial evaluation of worker script.", source: https://static.whatsapp.net/rsrc.php/v3/yL/r/Z0TPhS0RCj5.js?_nc_x=Ij3Wp8lg5Kz (150)
[0909/130258.680:INFO:CONSOLE(342)] "FTS:Indexer:indexQueuedBatch: Starting new batch size : 1000", source: https://static.whatsapp.net/rsrc.php/v3/yw/r/4Nb4oyv3XvH.js?_nc_x=Ij3Wp8lg5Kz (342)
[0909/130258.737:INFO:CONSOLE(342)] "FTS:Indexer:indexQueuedBatch: Completed batch", source: https://static.whatsapp.net/rsrc.php/v3/yw/r/4Nb4oyv3XvH.js?_nc_x=Ij3Wp8lg5Kz (342)
[0909/130258.750:INFO:CONSOLE(342)] "FTS:Indexer:indexQueuedBatch: Completed", source: https://static.whatsapp.net/rsrc.php/v3/yw/r/4Nb4oyv3XvH.js?_nc_x=Ij3Wp8lg5Kz (342)
[0909/130307.641:INFO:CONSOLE(342)] "FTS:Indexer:indexQueuedBatch: Starting new batch size : 1000", source: https://static.whatsapp.net/rsrc.php/v3/yw/r/4Nb4oyv3XvH.js?_nc_x=Ij3Wp8lg5Kz (342)
[0909/130307.846:INFO:CONSOLE(342)] "FTS:Indexer:indexQueuedBatch: Completed batch", source: https://static.whatsapp.net/rsrc.php/v3/yw/r/4Nb4oyv3XvH.js?_nc_x=Ij3Wp8lg5Kz (342)
[0909/130307.846:INFO:CONSOLE(342)] "FTS:Indexer:indexQueuedBatch: Completed", source: https://static.whatsapp.net/rsrc.php/v3/yw/r/4Nb4oyv3XvH.js?_nc_x=Ij3Wp8lg5Kz (342)
[0909/130308.210:INFO:CONSOLE(150)] "Event handler of 'x-storagemutated-1' event must be added on the initial evaluation of worker script.", source: https://static.whatsapp.net/rsrc.php/v3/yL/r/Z0TPhS0RCj5.js?_nc_x=Ij3Wp8lg5Kz (150)
[0909/130319.048:INFO:CONSOLE(342)] "FTS:Indexer:indexQueuedBatch: Starting new batch size : 1000", source: https://static.whatsapp.net/rsrc.php/v3/yw/r/4Nb4oyv3XvH.js?_nc_x=Ij3Wp8lg5Kz (342)
[0909/130319.068:INFO:CONSOLE(342)] "FTS:Indexer:indexQueuedBatch: Completed batch", source: https://static.whatsapp.net/rsrc.php/v3/yw/r/4Nb4oyv3XvH.js?_nc_x=Ij3Wp8lg5Kz (342)
[0909/130319.068:INFO:CONSOLE(342)] "FTS:Indexer:indexQueuedBatch: Completed", source: https://static.whatsapp.net/rsrc.php/v3/yw/r/4Nb4oyv3XvH.js?_nc_x=Ij3Wp8lg5Kz (342)
[0909/130325.226:INFO:CONSOLE(342)] "FTS:Indexer:indexQueuedBatch: Starting new batch size : 1000", source: https://static.whatsapp.net/rsrc.php/v3/yw/r/4Nb4oyv3XvH.js?_nc_x=Ij3Wp8lg5Kz (342)
[0909/130325.281:INFO:CONSOLE(342)] "FTS:Indexer:indexQueuedBatch: Completed", source: https://static.whatsapp.net/rsrc.php/v3/yw/r/4Nb4oyv3XvH.js?_nc_x=Ij3Wp8lg5Kz (342)
[0909/130339.233:INFO:CONSOLE(342)] "FTS:Indexer:indexQueuedBatch: Starting new batch size : 1000", source: https://static.whatsapp.net/rsrc.php/v3/yw/r/4Nb4oyv3XvH.js?_nc_x=Ij3Wp8lg5Kz (342)
[0909/130339.272:INFO:CONSOLE(342)] "FTS:Indexer:indexQueuedBatch: Completed batch", source: https://static.whatsapp.net/rsrc.php/v3/yw/r/4Nb4oyv3XvH.js?_nc_x=Ij3Wp8lg5Kz (342)
[0909/130339.274:INFO:CONSOLE(342)] "FTS:Indexer:indexQueuedBatch: Completed", source: https://static.whatsapp.net/rsrc.php/v3/yw/r/4Nb4oyv3XvH.js?_nc_x=Ij3Wp8lg5Kz (342)
[0909/130341.978:INFO:CONSOLE(342)] "FTS:Indexer:indexQueuedBatch: Starting new batch size : 1000", source: https://static.whatsapp.net/rsrc.php/v3/yw/r/4Nb4oyv3XvH.js?_nc_x=Ij3Wp8lg5Kz (342)
[0909/130342.011:INFO:CONSOLE(342)] "FTS:Indexer:indexQueuedBatch: Completed", source: https://static.whatsapp.net/rsrc.php/v3/yw/r/4Nb4oyv3XvH.js?_nc_x=Ij3Wp8lg5Kz (342)
[0909/130353.298:INFO:CONSOLE(342)] "FTS:Indexer:indexQueuedBatch: Starting new batch size : 1000", source: https://static.whatsapp.net/rsrc.php/v3/yw/r/4Nb4oyv3XvH.js?_nc_x=Ij3Wp8lg5Kz (342)
[0909/130353.366:INFO:CONSOLE(342)] "FTS:Indexer:indexQueuedBatch: Completed batch", source: https://static.whatsapp.net/rsrc.php/v3/yw/r/4Nb4oyv3XvH.js?_nc_x=Ij3Wp8lg5Kz (342)
[0909/130353.366:INFO:CONSOLE(342)] "FTS:Indexer:indexQueuedBatch: Completed", source: https://static.whatsapp.net/rsrc.php/v3/yw/r/4Nb4oyv3XvH.js?_nc_x=Ij3Wp8lg5Kz (342)
[0909/130356.931:INFO:CONSOLE(342)] "FTS:Indexer:indexQueuedBatch: Starting new batch size : 1000", source: https://static.whatsapp.net/rsrc.php/v3/yw/r/4Nb4oyv3XvH.js?_nc_x=Ij3Wp8lg5Kz (342)
[0909/130357.010:INFO:CONSOLE(342)] "FTS:Indexer:indexQueuedBatch: Completed batch", source: https://static.whatsapp.net/rsrc.php/v3/yw/r/4Nb4oyv3XvH.js?_nc_x=Ij3Wp8lg5Kz (342)
[0909/130357.013:INFO:CONSOLE(342)] "FTS:Indexer:indexQueuedBatch: Completed", source: https://static.whatsapp.net/rsrc.php/v3/yw/r/4Nb4oyv3XvH.js?_nc_x=Ij3Wp8lg5Kz (342)
[0909/130406.894:INFO:CONSOLE(342)] "FTS:Indexer:indexQueuedBatch: Starting new batch size : 1000", source: https://static.whatsapp.net/rsrc.php/v3/yw/r/4Nb4oyv3XvH.js?_nc_x=Ij3Wp8lg5Kz (342)
[0909/130407.902:INFO:CONSOLE(342)] "FTS:Indexer:indexQueuedBatch: Completed batch", source: https://static.whatsapp.net/rsrc.php/v3/yw/r/4Nb4oyv3XvH.js?_nc_x=Ij3Wp8lg5Kz (342)
[0909/130407.904:INFO:CONSOLE(342)] "FTS:Indexer:indexQueuedBatch: Completed", source: https://static.whatsapp.net/rsrc.php/v3/yw/r/4Nb4oyv3XvH.js?_nc_x=Ij3Wp8lg5Kz (342)
[0909/130420.588:INFO:CONSOLE(342)] "FTS:Indexer:indexQueuedBatch: Starting new batch size : 1000", source: https://static.whatsapp.net/rsrc.php/v3/yw/r/4Nb4oyv3XvH.js?_nc_x=Ij3Wp8lg5Kz (342)
[0909/130420.609:INFO:CONSOLE(342)] "FTS:Indexer:indexQueuedBatch: Completed batch", source: https://static.whatsapp.net/rsrc.php/v3/yw/r/4Nb4oyv3XvH.js?_nc_x=Ij3Wp8lg5Kz (342)
[0909/130420.610:INFO:CONSOLE(342)] "FTS:Indexer:indexQueuedBatch: Completed", source: https://static.whatsapp.net/rsrc.php/v3/yw/r/4Nb4oyv3XvH.js?_nc_x=Ij3Wp8lg5Kz (342)
[0909/130423.829:INFO:CONSOLE(342)] "FTS:Indexer:indexQueuedBatch: Starting new batch size : 1000", source: https://static.whatsapp.net/rsrc.php/v3/yw/r/4Nb4oyv3XvH.js?_nc_x=Ij3Wp8lg5Kz (342)
[0909/130423.834:INFO:CONSOLE(342)] "FTS:Indexer:indexQueuedBatch: Completed batch", source: https://static.whatsapp.net/rsrc.php/v3/yw/r/4Nb4oyv3XvH.js?_nc_x=Ij3Wp8lg5Kz (342)
[0909/130423.837:INFO:CONSOLE(342)] "FTS:Indexer:indexQueuedBatch: Completed", source: https://static.whatsapp.net/rsrc.php/v3/yw/r/4Nb4oyv3XvH.js?_nc_x=Ij3Wp8lg5Kz (342)
[0909/130427.215:INFO:CONSOLE(342)] "FTS:Indexer:indexQueuedBatch: Starting new batch size : 1000", source: https://static.whatsapp.net/rsrc.php/v3/yw/r/4Nb4oyv3XvH.js?_nc_x=Ij3Wp8lg5Kz (342)
[0909/130427.269:INFO:CONSOLE(342)] "FTS:Indexer:indexQueuedBatch: Completed batch", source: https://static.whatsapp.net/rsrc.php/v3/yw/r/4Nb4oyv3XvH.js?_nc_x=Ij3Wp8lg5Kz (342)
[0909/130427.271:INFO:CONSOLE(342)] "FTS:Indexer:indexQueuedBatch: Completed", source: https://static.whatsapp.net/rsrc.php/v3/yw/r/4Nb4oyv3XvH.js?_nc_x=Ij3Wp8lg5Kz (342)
[0909/130441.504:INFO:CONSOLE(342)] "FTS:Indexer:indexQueuedBatch: Starting new batch size : 1000", source: https://static.whatsapp.net/rsrc.php/v3/yw/r/4Nb4oyv3XvH.js?_nc_x=Ij3Wp8lg5Kz (342)
[0909/130441.526:INFO:CONSOLE(342)] "FTS:Indexer:indexQueuedBatch: Completed batch", source: https://static.whatsapp.net/rsrc.php/v3/yw/r/4Nb4oyv3XvH.js?_nc_x=Ij3Wp8lg5Kz (342)
[0909/130441.526:INFO:CONSOLE(342)] "FTS:Indexer:indexQueuedBatch: Completed", source: https://static.whatsapp.net/rsrc.php/v3/yw/r/4Nb4oyv3XvH.js?_nc_x=Ij3Wp8lg5Kz (342)
[0909/130443.128:INFO:CONSOLE(342)] "FTS:Indexer:indexQueuedBatch: Starting new batch size : 1000", source: https://static.whatsapp.net/rsrc.php/v3/yw/r/4Nb4oyv3XvH.js?_nc_x=Ij3Wp8lg5Kz (342)
[0909/130443.133:INFO:CONSOLE(342)] "FTS:Indexer:indexQueuedBatch: Completed", source: https://static.whatsapp.net/rsrc.php/v3/yw/r/4Nb4oyv3XvH.js?_nc_x=Ij3Wp8lg5Kz (342)
[0909/130458.339:INFO:CONSOLE(342)] "FTS:Indexer:indexQueuedBatch: Starting new batch size : 1000", source: https://static.whatsapp.net/rsrc.php/v3/yw/r/4Nb4oyv3XvH.js?_nc_x=Ij3Wp8lg5Kz (342)
[0909/130458.359:INFO:CONSOLE(342)] "FTS:Indexer:indexQueuedBatch: Completed batch", source: https://static.whatsapp.net/rsrc.php/v3/yw/r/4Nb4oyv3XvH.js?_nc_x=Ij3Wp8lg5Kz (342)
[0909/130458.359:INFO:CONSOLE(342)] "FTS:Indexer:indexQueuedBatch: Completed", source: https://static.whatsapp.net/rsrc.php/v3/yw/r/4Nb4oyv3XvH.js?_nc_x=Ij3Wp8lg5Kz (342)
[0909/130507.367:INFO:CONSOLE(342)] "FTS:Indexer:indexQueuedBatch: Starting new batch size : 1000", source: https://static.whatsapp.net/rsrc.php/v3/yw/r/4Nb4oyv3XvH.js?_nc_x=Ij3Wp8lg5Kz (342)
[0909/130507.394:INFO:CONSOLE(342)] "FTS:Indexer:indexQueuedBatch: Completed", source: https://static.whatsapp.net/rsrc.php/v3/yw/r/4Nb4oyv3XvH.js?_nc_x=Ij3Wp8lg5Kz (342)
[0909/130512.497:INFO:CONSOLE(342)] "FTS:Indexer:indexQueuedBatch: Starting new batch size : 1000", source: https://static.whatsapp.net/rsrc.php/v3/yw/r/4Nb4oyv3XvH.js?_nc_x=Ij3Wp8lg5Kz (342)
[0909/130512.516:INFO:CONSOLE(342)] "FTS:Indexer:indexQueuedBatch: Completed batch", source: https://static.whatsapp.net/rsrc.php/v3/yw/r/4Nb4oyv3XvH.js?_nc_x=Ij3Wp8lg5Kz (342)
[0909/130512.516:INFO:CONSOLE(342)] "FTS:Indexer:indexQueuedBatch: Completed", source: https://static.whatsapp.net/rsrc.php/v3/yw/r/4Nb4oyv3XvH.js?_nc_x=Ij3Wp8lg5Kz (342)
[0909/130659.365:INFO:CONSOLE(342)] "FTS:Indexer:indexQueuedBatch: Starting new batch size : 1000", source: https://static.whatsapp.net/rsrc.php/v3/yw/r/4Nb4oyv3XvH.js?_nc_x=Ij3Wp8lg5Kz (342)
[0909/130659.385:INFO:CONSOLE(342)] "FTS:Indexer:indexQueuedBatch: Completed", source: https://static.whatsapp.net/rsrc.php/v3/yw/r/4Nb4oyv3XvH.js?_nc_x=Ij3Wp8lg5Kz (342)
[0909/130704.266:INFO:CONSOLE(150)] "Event handler of 'x-storagemutated-1' event must be added on the initial evaluation of worker script.", source: https://static.whatsapp.net/rsrc.php/v3/yL/r/Z0TPhS0RCj5.js?_nc_x=Ij3Wp8lg5Kz (150)
[0909/130729.719:INFO:CONSOLE(342)] "FTS:Indexer:indexQueuedBatch: Starting new batch size : 1000", source: https://static.whatsapp.net/rsrc.php/v3/yw/r/4Nb4oyv3XvH.js?_nc_x=Ij3Wp8lg5Kz (342)
[0909/130729.758:INFO:CONSOLE(342)] "FTS:Indexer:indexQueuedBatch: Completed batch", source: https://static.whatsapp.net/rsrc.php/v3/yw/r/4Nb4oyv3XvH.js?_nc_x=Ij3Wp8lg5Kz (342)
[0909/130729.758:INFO:CONSOLE(342)] "FTS:Indexer:indexQueuedBatch: Completed", source: https://static.whatsapp.net/rsrc.php/v3/yw/r/4Nb4oyv3XvH.js?_nc_x=Ij3Wp8lg5Kz (342)
[0909/130731.624:INFO:CONSOLE(342)] "FTS:Indexer:indexQueuedBatch: Starting new batch size : 1000", source: https://static.whatsapp.net/rsrc.php/v3/yw/r/4Nb4oyv3XvH.js?_nc_x=Ij3Wp8lg5Kz (342)
[0909/130731.635:INFO:CONSOLE(342)] "FTS:Indexer:indexQueuedBatch: Completed batch", source: https://static.whatsapp.net/rsrc.php/v3/yw/r/4Nb4oyv3XvH.js?_nc_x=Ij3Wp8lg5Kz (342)
[0909/130731.635:INFO:CONSOLE(342)] "FTS:Indexer:indexQueuedBatch: Completed", source: https://static.whatsapp.net/rsrc.php/v3/yw/r/4Nb4oyv3XvH.js?_nc_x=Ij3Wp8lg5Kz (342)
[0909/130813.317:INFO:CONSOLE(342)] "FTS:Indexer:indexQueuedBatch: Starting new batch size : 1000", source: https://static.whatsapp.net/rsrc.php/v3/yw/r/4Nb4oyv3XvH.js?_nc_x=Ij3Wp8lg5Kz (342)
[0909/130813.339:INFO:CONSOLE(342)] "FTS:Indexer:indexQueuedBatch: Completed batch", source: https://static.whatsapp.net/rsrc.php/v3/yw/r/4Nb4oyv3XvH.js?_nc_x=Ij3Wp8lg5Kz (342)
[0909/130813.340:INFO:CONSOLE(342)] "FTS:Indexer:indexQueuedBatch: Completed", source: https://static.whatsapp.net/rsrc.php/v3/yw/r/4Nb4oyv3XvH.js?_nc_x=Ij3Wp8lg5Kz (342)
[0909/130821.069:INFO:CONSOLE(342)] "FTS:Indexer:indexQueuedBatch: Starting new batch size : 1000", source: https://static.whatsapp.net/rsrc.php/v3/yw/r/4Nb4oyv3XvH.js?_nc_x=Ij3Wp8lg5Kz (342)
[0909/130821.096:INFO:CONSOLE(342)] "FTS:Indexer:indexQueuedBatch: Completed", source: https://static.whatsapp.net/rsrc.php/v3/yw/r/4Nb4oyv3XvH.js?_nc_x=Ij3Wp8lg5Kz (342)
[0909/131006.895:INFO:CONSOLE(342)] "FTS:Indexer:indexQueuedBatch: Starting new batch size : 1000", source: https://static.whatsapp.net/rsrc.php/v3/yw/r/4Nb4oyv3XvH.js?_nc_x=Ij3Wp8lg5Kz (342)
[0909/131006.943:INFO:CONSOLE(342)] "FTS:Indexer:indexQueuedBatch: Completed batch", source: https://static.whatsapp.net/rsrc.php/v3/yw/r/4Nb4oyv3XvH.js?_nc_x=Ij3Wp8lg5Kz (342)
[0909/131006.967:INFO:CONSOLE(342)] "FTS:Indexer:indexQueuedBatch: Completed", source: https://static.whatsapp.net/rsrc.php/v3/yw/r/4Nb4oyv3XvH.js?_nc_x=Ij3Wp8lg5Kz (342)
[0909/131021.883:INFO:CONSOLE(342)] "FTS:Indexer:indexQueuedBatch: Starting new batch size : 1000", source: https://static.whatsapp.net/rsrc.php/v3/yw/r/4Nb4oyv3XvH.js?_nc_x=Ij3Wp8lg5Kz (342)
[0909/131022.183:INFO:CONSOLE(342)] "FTS:Indexer:indexQueuedBatch: Completed batch", source: https://static.whatsapp.net/rsrc.php/v3/yw/r/4Nb4oyv3XvH.js?_nc_x=Ij3Wp8lg5Kz (342)
[0909/131022.223:INFO:CONSOLE(342)] "FTS:Indexer:indexQueuedBatch: Completed", source: https://static.whatsapp.net/rsrc.php/v3/yw/r/4Nb4oyv3XvH.js?_nc_x=Ij3Wp8lg5Kz (342)
[0909/131029.280:INFO:CONSOLE(342)] "FTS:Indexer:indexQueuedBatch: Starting new batch size : 1000", source: https://static.whatsapp.net/rsrc.php/v3/yw/r/4Nb4oyv3XvH.js?_nc_x=Ij3Wp8lg5Kz (342)
[0909/131029.342:INFO:CONSOLE(342)] "FTS:Indexer:indexQueuedBatch: Completed batch", source: https://static.whatsapp.net/rsrc.php/v3/yw/r/4Nb4oyv3XvH.js?_nc_x=Ij3Wp8lg5Kz (342)
[0909/131029.353:INFO:CONSOLE(342)] "FTS:Indexer:indexQueuedBatch: Completed", source: https://static.whatsapp.net/rsrc.php/v3/yw/r/4Nb4oyv3XvH.js?_nc_x=Ij3Wp8lg5Kz (342)
[0909/131041.135:INFO:CONSOLE(342)] "FTS:Indexer:indexQueuedBatch: Starting new batch size : 1000", source: https://static.whatsapp.net/rsrc.php/v3/yw/r/4Nb4oyv3XvH.js?_nc_x=Ij3Wp8lg5Kz (342)
[0909/131041.251:INFO:CONSOLE(342)] "FTS:Indexer:indexQueuedBatch: Completed batch", source: https://static.whatsapp.net/rsrc.php/v3/yw/r/4Nb4oyv3XvH.js?_nc_x=Ij3Wp8lg5Kz (342)
[0909/131041.252:INFO:CONSOLE(342)] "FTS:Indexer:indexQueuedBatch: Completed", source: https://static.whatsapp.net/rsrc.php/v3/yw/r/4Nb4oyv3XvH.js?_nc_x=Ij3Wp8lg5Kz (342)
[0909/131046.134:INFO:CONSOLE(342)] "FTS:Indexer:indexQueuedBatch: Starting new batch size : 1000", source: https://static.whatsapp.net/rsrc.php/v3/yw/r/4Nb4oyv3XvH.js?_nc_x=Ij3Wp8lg5Kz (342)
[0909/131046.211:INFO:CONSOLE(342)] "FTS:Indexer:indexQueuedBatch: Completed batch", source: https://static.whatsapp.net/rsrc.php/v3/yw/r/4Nb4oyv3XvH.js?_nc_x=Ij3Wp8lg5Kz (342)
[0909/131046.212:INFO:CONSOLE(342)] "FTS:Indexer:indexQueuedBatch: Completed", source: https://static.whatsapp.net/rsrc.php/v3/yw/r/4Nb4oyv3XvH.js?_nc_x=Ij3Wp8lg5Kz (342)
[0909/131050.097:INFO:CONSOLE(342)] "FTS:Indexer:indexQueuedBatch: Starting new batch size : 1000", source: https://static.whatsapp.net/rsrc.php/v3/yw/r/4Nb4oyv3XvH.js?_nc_x=Ij3Wp8lg5Kz (342)
[0909/131050.119:INFO:CONSOLE(342)] "FTS:Indexer:indexQueuedBatch: Completed batch", source: https://static.whatsapp.net/rsrc.php/v3/yw/r/4Nb4oyv3XvH.js?_nc_x=Ij3Wp8lg5Kz (342)
[0909/131050.119:INFO:CONSOLE(342)] "FTS:Indexer:indexQueuedBatch: Completed", source: https://static.whatsapp.net/rsrc.php/v3/yw/r/4Nb4oyv3XvH.js?_nc_x=Ij3Wp8lg5Kz (342)
[0909/132340.837:INFO:CONSOLE(342)] "FTS:Indexer:indexQueuedBatch: Starting new batch size : 1000", source: https://static.whatsapp.net/rsrc.php/v3/yw/r/4Nb4oyv3XvH.js?_nc_x=Ij3Wp8lg5Kz (342)
[0909/132345.479:INFO:CONSOLE(342)] "FTS:Indexer:indexQueuedBatch: Completed", source: https://static.whatsapp.net/rsrc.php/v3/yw/r/4Nb4oyv3XvH.js?_nc_x=Ij3Wp8lg5Kz (342)
[0909/132352.161:INFO:CONSOLE(150)] "Event handler of 'x-storagemutated-1' event must be added on the initial evaluation of worker script.", source: https://static.whatsapp.net/rsrc.php/v3/yL/r/Z0TPhS0RCj5.js?_nc_x=Ij3Wp8lg5Kz (150)
[0909/132846.023:INFO:CONSOLE(342)] "FTS:Indexer:indexQueuedBatch: Starting new batch size : 1000", source: https://static.whatsapp.net/rsrc.php/v3/yw/r/4Nb4oyv3XvH.js?_nc_x=Ij3Wp8lg5Kz (342)
[0909/132852.209:INFO:CONSOLE(342)] "FTS:Indexer:indexQueuedBatch: Completed batch", source: https://static.whatsapp.net/rsrc.php/v3/yw/r/4Nb4oyv3XvH.js?_nc_x=Ij3Wp8lg5Kz (342)
[0909/132852.306:INFO:CONSOLE(342)] "FTS:Indexer:indexQueuedBatch: Completed", source: https://static.whatsapp.net/rsrc.php/v3/yw/r/4Nb4oyv3XvH.js?_nc_x=Ij3Wp8lg5Kz (342)
[0909/133148.568:INFO:CONSOLE(342)] "FTS:Indexer:indexQueuedBatch: Starting new batch size : 1000", source: https://static.whatsapp.net/rsrc.php/v3/yw/r/4Nb4oyv3XvH.js?_nc_x=Ij3Wp8lg5Kz (342)
[0909/133151.209:INFO:CONSOLE(342)] "FTS:Indexer:indexQueuedBatch: Completed batch", source: https://static.whatsapp.net/rsrc.php/v3/yw/r/4Nb4oyv3XvH.js?_nc_x=Ij3Wp8lg5Kz (342)
[0909/133151.266:INFO:CONSOLE(342)] "FTS:Indexer:indexQueuedBatch: Completed", source: https://static.whatsapp.net/rsrc.php/v3/yw/r/4Nb4oyv3XvH.js?_nc_x=Ij3Wp8lg5Kz (342)
[0909/133203.331:INFO:CONSOLE(342)] "FTS:Indexer:indexQueuedBatch: Starting new batch size : 1000", source: https://static.whatsapp.net/rsrc.php/v3/yw/r/4Nb4oyv3XvH.js?_nc_x=Ij3Wp8lg5Kz (342)
[0909/133203.982:INFO:CONSOLE(342)] "FTS:Indexer:indexQueuedBatch: Completed batch", source: https://static.whatsapp.net/rsrc.php/v3/yw/r/4Nb4oyv3XvH.js?_nc_x=Ij3Wp8lg5Kz (342)
[0909/133204.172:INFO:CONSOLE(342)] "FTS:Indexer:indexQueuedBatch: Completed", source: https://static.whatsapp.net/rsrc.php/v3/yw/r/4Nb4oyv3XvH.js?_nc_x=Ij3Wp8lg5Kz (342)
[0909/133204.459:INFO:CONSOLE(342)] "FTS:Indexer:indexQueuedBatch: Starting new batch size : 1000", source: https://static.whatsapp.net/rsrc.php/v3/yw/r/4Nb4oyv3XvH.js?_nc_x=Ij3Wp8lg5Kz (342)
[0909/133205.035:INFO:CONSOLE(342)] "FTS:Indexer:indexQueuedBatch: Completed", source: https://static.whatsapp.net/rsrc.php/v3/yw/r/4Nb4oyv3XvH.js?_nc_x=Ij3Wp8lg5Kz (342)
[0909/133254.294:INFO:CONSOLE(342)] "FTS:Indexer:indexQueuedBatch: Starting new batch size : 1000", source: https://static.whatsapp.net/rsrc.php/v3/yw/r/4Nb4oyv3XvH.js?_nc_x=Ij3Wp8lg5Kz (342)
[0909/133254.617:INFO:CONSOLE(342)] "FTS:Indexer:indexQueuedBatch: Completed", source: https://static.whatsapp.net/rsrc.php/v3/yw/r/4Nb4oyv3XvH.js?_nc_x=Ij3Wp8lg5Kz (342)
[0909/133315.524:INFO:CONSOLE(342)] "FTS:Indexer:indexQueuedBatch: Starting new batch size : 1000", source: https://static.whatsapp.net/rsrc.php/v3/yw/r/4Nb4oyv3XvH.js?_nc_x=Ij3Wp8lg5Kz (342)
[0909/133315.987:INFO:CONSOLE(342)] "FTS:Indexer:indexQueuedBatch: Completed batch", source: https://static.whatsapp.net/rsrc.php/v3/yw/r/4Nb4oyv3XvH.js?_nc_x=Ij3Wp8lg5Kz (342)
[0909/133316.014:INFO:CONSOLE(342)] "FTS:Indexer:indexQueuedBatch: Completed", source: https://static.whatsapp.net/rsrc.php/v3/yw/r/4Nb4oyv3XvH.js?_nc_x=Ij3Wp8lg5Kz (342)
[0909/133318.773:INFO:CONSOLE(342)] "FTS:Indexer:indexQueuedBatch: Starting new batch size : 1000", source: https://static.whatsapp.net/rsrc.php/v3/yw/r/4Nb4oyv3XvH.js?_nc_x=Ij3Wp8lg5Kz (342)
[0909/133320.663:INFO:CONSOLE(342)] "FTS:Indexer:indexQueuedBatch: Completed batch", source: https://static.whatsapp.net/rsrc.php/v3/yw/r/4Nb4oyv3XvH.js?_nc_x=Ij3Wp8lg5Kz (342)
[0909/133320.665:INFO:CONSOLE(342)] "FTS:Indexer:indexQueuedBatch: Completed", source: https://static.whatsapp.net/rsrc.php/v3/yw/r/4Nb4oyv3XvH.js?_nc_x=Ij3Wp8lg5Kz (342)
[0909/133321.559:INFO:CONSOLE(342)] "FTS:Indexer:indexQueuedBatch: Starting new batch size : 1000", source: https://static.whatsapp.net/rsrc.php/v3/yw/r/4Nb4oyv3XvH.js?_nc_x=Ij3Wp8lg5Kz (342)
[0909/133321.564:INFO:CONSOLE(342)] "FTS:Indexer:indexQueuedBatch: Completed", source: https://static.whatsapp.net/rsrc.php/v3/yw/r/4Nb4oyv3XvH.js?_nc_x=Ij3Wp8lg5Kz (342)
[0909/133325.546:INFO:CONSOLE(342)] "FTS:Indexer:indexQueuedBatch: Starting new batch size : 1000", source: https://static.whatsapp.net/rsrc.php/v3/yw/r/4Nb4oyv3XvH.js?_nc_x=Ij3Wp8lg5Kz (342)
[0909/133325.608:INFO:CONSOLE(342)] "FTS:Indexer:indexQueuedBatch: Completed", source: https://static.whatsapp.net/rsrc.php/v3/yw/r/4Nb4oyv3XvH.js?_nc_x=Ij3Wp8lg5Kz (342)
[0909/133534.438:INFO:CONSOLE(342)] "FTS:Indexer:indexQueuedBatch: Starting new batch size : 1000", source: https://static.whatsapp.net/rsrc.php/v3/yw/r/4Nb4oyv3XvH.js?_nc_x=Ij3Wp8lg5Kz (342)
[0909/133534.889:INFO:CONSOLE(342)] "FTS:Indexer:indexQueuedBatch: Completed batch", source: https://static.whatsapp.net/rsrc.php/v3/yw/r/4Nb4oyv3XvH.js?_nc_x=Ij3Wp8lg5Kz (342)
[0909/133534.899:INFO:CONSOLE(342)] "FTS:Indexer:indexQueuedBatch: Completed", source: https://static.whatsapp.net/rsrc.php/v3/yw/r/4Nb4oyv3XvH.js?_nc_x=Ij3Wp8lg5Kz (342)
[0909/133623.315:INFO:CONSOLE(342)] "FTS:Indexer:indexQueuedBatch: Starting new batch size : 1000", source: https://static.whatsapp.net/rsrc.php/v3/yw/r/4Nb4oyv3XvH.js?_nc_x=Ij3Wp8lg5Kz (342)
[0909/133623.757:INFO:CONSOLE(342)] "FTS:Indexer:indexQueuedBatch: Completed batch", source: https://static.whatsapp.net/rsrc.php/v3/yw/r/4Nb4oyv3XvH.js?_nc_x=Ij3Wp8lg5Kz (342)
[0909/133623.760:INFO:CONSOLE(342)] "FTS:Indexer:indexQueuedBatch: Completed", source: https://static.whatsapp.net/rsrc.php/v3/yw/r/4Nb4oyv3XvH.js?_nc_x=Ij3Wp8lg5Kz (342)
[0909/133707.610:INFO:CONSOLE(342)] "FTS:Indexer:indexQueuedBatch: Starting new batch size : 1000", source: https://static.whatsapp.net/rsrc.php/v3/yw/r/4Nb4oyv3XvH.js?_nc_x=Ij3Wp8lg5Kz (342)
[0909/133708.494:INFO:CONSOLE(342)] "FTS:Indexer:indexQueuedBatch: Completed batch", source: https://static.whatsapp.net/rsrc.php/v3/yw/r/4Nb4oyv3XvH.js?_nc_x=Ij3Wp8lg5Kz (342)
[0909/133708.562:INFO:CONSOLE(342)] "FTS:Indexer:indexQueuedBatch: Completed", source: https://static.whatsapp.net/rsrc.php/v3/yw/r/4Nb4oyv3XvH.js?_nc_x=Ij3Wp8lg5Kz (342)
[0909/133822.453:INFO:CONSOLE(342)] "FTS:Indexer:indexQueuedBatch: Starting new batch size : 1000", source: https://static.whatsapp.net/rsrc.php/v3/yw/r/4Nb4oyv3XvH.js?_nc_x=Ij3Wp8lg5Kz (342)
[0909/133822.558:INFO:CONSOLE(342)] "FTS:Indexer:indexQueuedBatch: Completed", source: https://static.whatsapp.net/rsrc.php/v3/yw/r/4Nb4oyv3XvH.js?_nc_x=Ij3Wp8lg5Kz (342)
[0909/133845.486:INFO:CONSOLE(342)] "FTS:Indexer:indexQueuedBatch: Starting new batch size : 1000", source: https://static.whatsapp.net/rsrc.php/v3/yw/r/4Nb4oyv3XvH.js?_nc_x=Ij3Wp8lg5Kz (342)
[0909/133848.655:INFO:CONSOLE(342)] "FTS:Indexer:indexQueuedBatch: Completed batch", source: https://static.whatsapp.net/rsrc.php/v3/yw/r/4Nb4oyv3XvH.js?_nc_x=Ij3Wp8lg5Kz (342)
[0909/133848.656:INFO:CONSOLE(342)] "FTS:Indexer:indexQueuedBatch: Completed", source: https://static.whatsapp.net/rsrc.php/v3/yw/r/4Nb4oyv3XvH.js?_nc_x=Ij3Wp8lg5Kz (342)
[0909/133851.177:INFO:CONSOLE(150)] "Event handler of 'x-storagemutated-1' event must be added on the initial evaluation of worker script.", source: https://static.whatsapp.net/rsrc.php/v3/yL/r/Z0TPhS0RCj5.js?_nc_x=Ij3Wp8lg5Kz (150)
[0909/133923.636:INFO:CONSOLE(342)] "FTS:Indexer:indexQueuedBatch: Starting new batch size : 1000", source: https://static.whatsapp.net/rsrc.php/v3/yw/r/4Nb4oyv3XvH.js?_nc_x=Ij3Wp8lg5Kz (342)
[0909/133923.811:INFO:CONSOLE(342)] "FTS:Indexer:indexQueuedBatch: Completed batch", source: https://static.whatsapp.net/rsrc.php/v3/yw/r/4Nb4oyv3XvH.js?_nc_x=Ij3Wp8lg5Kz (342)
[0909/133923.814:INFO:CONSOLE(342)] "FTS:Indexer:indexQueuedBatch: Completed", source: https://static.whatsapp.net/rsrc.php/v3/yw/r/4Nb4oyv3XvH.js?_nc_x=Ij3Wp8lg5Kz (342)
[0909/133934.555:INFO:CONSOLE(342)] "FTS:Indexer:indexQueuedBatch: Starting new batch size : 1000", source: https://static.whatsapp.net/rsrc.php/v3/yw/r/4Nb4oyv3XvH.js?_nc_x=Ij3Wp8lg5Kz (342)
[0909/133934.827:INFO:CONSOLE(342)] "FTS:Indexer:indexQueuedBatch: Completed batch", source: https://static.whatsapp.net/rsrc.php/v3/yw/r/4Nb4oyv3XvH.js?_nc_x=Ij3Wp8lg5Kz (342)
[0909/133934.830:INFO:CONSOLE(342)] "FTS:Indexer:indexQueuedBatch: Completed", source: https://static.whatsapp.net/rsrc.php/v3/yw/r/4Nb4oyv3XvH.js?_nc_x=Ij3Wp8lg5Kz (342)
[0909/133940.414:INFO:CONSOLE(342)] "FTS:Indexer:indexQueuedBatch: Starting new batch size : 1000", source: https://static.whatsapp.net/rsrc.php/v3/yw/r/4Nb4oyv3XvH.js?_nc_x=Ij3Wp8lg5Kz (342)
[0909/133940.779:INFO:CONSOLE(342)] "FTS:Indexer:indexQueuedBatch: Completed batch", source: https://static.whatsapp.net/rsrc.php/v3/yw/r/4Nb4oyv3XvH.js?_nc_x=Ij3Wp8lg5Kz (342)
[0909/133940.802:INFO:CONSOLE(342)] "FTS:Indexer:indexQueuedBatch: Completed", source: https://static.whatsapp.net/rsrc.php/v3/yw/r/4Nb4oyv3XvH.js?_nc_x=Ij3Wp8lg5Kz (342)
[0909/133954.379:INFO:CONSOLE(342)] "FTS:Indexer:indexQueuedBatch: Starting new batch size : 1000", source: https://static.whatsapp.net/rsrc.php/v3/yw/r/4Nb4oyv3XvH.js?_nc_x=Ij3Wp8lg5Kz (342)
[0909/133954.401:INFO:CONSOLE(342)] "FTS:Indexer:indexQueuedBatch: Completed", source: https://static.whatsapp.net/rsrc.php/v3/yw/r/4Nb4oyv3XvH.js?_nc_x=Ij3Wp8lg5Kz (342)
[0909/133955.568:INFO:CONSOLE(150)] "Event handler of 'x-storagemutated-1' event must be added on the initial evaluation of worker script.", source: https://static.whatsapp.net/rsrc.php/v3/yL/r/Z0TPhS0RCj5.js?_nc_x=Ij3Wp8lg5Kz (150)
[0909/134006.376:INFO:CONSOLE(342)] "FTS:Indexer:indexQueuedBatch: Starting new batch size : 1000", source: https://static.whatsapp.net/rsrc.php/v3/yw/r/4Nb4oyv3XvH.js?_nc_x=Ij3Wp8lg5Kz (342)
[0909/134007.571:INFO:CONSOLE(342)] "FTS:Indexer:indexQueuedBatch: Completed batch", source: https://static.whatsapp.net/rsrc.php/v3/yw/r/4Nb4oyv3XvH.js?_nc_x=Ij3Wp8lg5Kz (342)
[0909/134007.573:INFO:CONSOLE(342)] "FTS:Indexer:indexQueuedBatch: Completed", source: https://static.whatsapp.net/rsrc.php/v3/yw/r/4Nb4oyv3XvH.js?_nc_x=Ij3Wp8lg5Kz (342)
[0909/134011.285:INFO:CONSOLE(342)] "FTS:Indexer:indexQueuedBatch: Starting new batch size : 1000", source: https://static.whatsapp.net/rsrc.php/v3/yw/r/4Nb4oyv3XvH.js?_nc_x=Ij3Wp8lg5Kz (342)
[0909/134011.308:INFO:CONSOLE(342)] "FTS:Indexer:indexQueuedBatch: Completed", source: https://static.whatsapp.net/rsrc.php/v3/yw/r/4Nb4oyv3XvH.js?_nc_x=Ij3Wp8lg5Kz (342)
[0909/134019.840:INFO:CONSOLE(342)] "FTS:Indexer:indexQueuedBatch: Starting new batch size : 1000", source: https://static.whatsapp.net/rsrc.php/v3/yw/r/4Nb4oyv3XvH.js?_nc_x=Ij3Wp8lg5Kz (342)
[0909/134020.688:INFO:CONSOLE(342)] "FTS:Indexer:indexQueuedBatch: Completed batch", source: https://static.whatsapp.net/rsrc.php/v3/yw/r/4Nb4oyv3XvH.js?_nc_x=Ij3Wp8lg5Kz (342)
[0909/134020.692:INFO:CONSOLE(342)] "FTS:Indexer:indexQueuedBatch: Completed", source: https://static.whatsapp.net/rsrc.php/v3/yw/r/4Nb4oyv3XvH.js?_nc_x=Ij3Wp8lg5Kz (342)
[0909/134030.525:INFO:CONSOLE(342)] "FTS:Indexer:indexQueuedBatch: Starting new batch size : 1000", source: https://static.whatsapp.net/rsrc.php/v3/yw/r/4Nb4oyv3XvH.js?_nc_x=Ij3Wp8lg5Kz (342)
[0909/134031.318:INFO:CONSOLE(342)] "FTS:Indexer:indexQueuedBatch: Completed batch", source: https://static.whatsapp.net/rsrc.php/v3/yw/r/4Nb4oyv3XvH.js?_nc_x=Ij3Wp8lg5Kz (342)
[0909/134031.323:INFO:CONSOLE(342)] "FTS:Indexer:indexQueuedBatch: Completed", source: https://static.whatsapp.net/rsrc.php/v3/yw/r/4Nb4oyv3XvH.js?_nc_x=Ij3Wp8lg5Kz (342)
[0909/134101.940:INFO:CONSOLE(342)] "FTS:Indexer:indexQueuedBatch: Starting new batch size : 1000", source: https://static.whatsapp.net/rsrc.php/v3/yw/r/4Nb4oyv3XvH.js?_nc_x=Ij3Wp8lg5Kz (342)
[0909/134103.522:INFO:CONSOLE(342)] "FTS:Indexer:indexQueuedBatch: Completed batch", source: https://static.whatsapp.net/rsrc.php/v3/yw/r/4Nb4oyv3XvH.js?_nc_x=Ij3Wp8lg5Kz (342)
[0909/134103.543:INFO:CONSOLE(342)] "FTS:Indexer:indexQueuedBatch: Completed", source: https://static.whatsapp.net/rsrc.php/v3/yw/r/4Nb4oyv3XvH.js?_nc_x=Ij3Wp8lg5Kz (342)
[0909/134106.496:INFO:CONSOLE(342)] "FTS:Indexer:indexQueuedBatch: Starting new batch size : 1000", source: https://static.whatsapp.net/rsrc.php/v3/yw/r/4Nb4oyv3XvH.js?_nc_x=Ij3Wp8lg5Kz (342)
[0909/134106.501:INFO:CONSOLE(342)] "FTS:Indexer:indexQueuedBatch: Completed", source: https://static.whatsapp.net/rsrc.php/v3/yw/r/4Nb4oyv3XvH.js?_nc_x=Ij3Wp8lg5Kz (342)
[0909/134133.669:INFO:CONSOLE(342)] "FTS:Indexer:indexQueuedBatch: Starting new batch size : 1000", source: https://static.whatsapp.net/rsrc.php/v3/yw/r/4Nb4oyv3XvH.js?_nc_x=Ij3Wp8lg5Kz (342)
[0909/134133.941:INFO:CONSOLE(342)] "FTS:Indexer:indexQueuedBatch: Completed batch", source: https://static.whatsapp.net/rsrc.php/v3/yw/r/4Nb4oyv3XvH.js?_nc_x=Ij3Wp8lg5Kz (342)
[0909/134133.943:INFO:CONSOLE(342)] "FTS:Indexer:indexQueuedBatch: Completed", source: https://static.whatsapp.net/rsrc.php/v3/yw/r/4Nb4oyv3XvH.js?_nc_x=Ij3Wp8lg5Kz (342)
[0909/134657.786:INFO:CONSOLE(342)] "FTS:Indexer:indexQueuedBatch: Starting new batch size : 1000", source: https://static.whatsapp.net/rsrc.php/v3/yw/r/4Nb4oyv3XvH.js?_nc_x=Ij3Wp8lg5Kz (342)
[0909/134700.704:INFO:CONSOLE(150)] "Event handler of 'x-storagemutated-1' event must be added on the initial evaluation of worker script.", source: https://static.whatsapp.net/rsrc.php/v3/yL/r/Z0TPhS0RCj5.js?_nc_x=Ij3Wp8lg5Kz (150)
[0909/134702.319:INFO:CONSOLE(342)] "FTS:Indexer:indexQueuedBatch: Completed batch", source: https://static.whatsapp.net/rsrc.php/v3/yw/r/4Nb4oyv3XvH.js?_nc_x=Ij3Wp8lg5Kz (342)
[0909/134702.319:INFO:CONSOLE(342)] "FTS:Indexer:indexQueuedBatch: Completed", source: https://static.whatsapp.net/rsrc.php/v3/yw/r/4Nb4oyv3XvH.js?_nc_x=Ij3Wp8lg5Kz (342)
[0909/134710.733:INFO:CONSOLE(342)] "FTS:Indexer:indexQueuedBatch: Starting new batch size : 1000", source: https://static.whatsapp.net/rsrc.php/v3/yw/r/4Nb4oyv3XvH.js?_nc_x=Ij3Wp8lg5Kz (342)
[0909/134710.891:INFO:CONSOLE(342)] "FTS:Indexer:indexQueuedBatch: Completed batch", source: https://static.whatsapp.net/rsrc.php/v3/yw/r/4Nb4oyv3XvH.js?_nc_x=Ij3Wp8lg5Kz (342)
[0909/134710.907:INFO:CONSOLE(342)] "FTS:Indexer:indexQueuedBatch: Completed", source: https://static.whatsapp.net/rsrc.php/v3/yw/r/4Nb4oyv3XvH.js?_nc_x=Ij3Wp8lg5Kz (342)
[0909/134714.109:INFO:CONSOLE(342)] "FTS:Indexer:indexQueuedBatch: Starting new batch size : 1000", source: https://static.whatsapp.net/rsrc.php/v3/yw/r/4Nb4oyv3XvH.js?_nc_x=Ij3Wp8lg5Kz (342)
[0909/134714.197:INFO:CONSOLE(342)] "FTS:Indexer:indexQueuedBatch: Completed batch", source: https://static.whatsapp.net/rsrc.php/v3/yw/r/4Nb4oyv3XvH.js?_nc_x=Ij3Wp8lg5Kz (342)
[0909/134714.200:INFO:CONSOLE(342)] "FTS:Indexer:indexQueuedBatch: Completed", source: https://static.whatsapp.net/rsrc.php/v3/yw/r/4Nb4oyv3XvH.js?_nc_x=Ij3Wp8lg5Kz (342)
[0909/134721.646:INFO:CONSOLE(342)] "FTS:Indexer:indexQueuedBatch: Starting new batch size : 1000", source: https://static.whatsapp.net/rsrc.php/v3/yw/r/4Nb4oyv3XvH.js?_nc_x=Ij3Wp8lg5Kz (342)
[0909/134721.671:INFO:CONSOLE(342)] "FTS:Indexer:indexQueuedBatch: Completed", source: https://static.whatsapp.net/rsrc.php/v3/yw/r/4Nb4oyv3XvH.js?_nc_x=Ij3Wp8lg5Kz (342)
[0909/134744.750:INFO:CONSOLE(342)] "FTS:Indexer:indexQueuedBatch: Starting new batch size : 1000", source: https://static.whatsapp.net/rsrc.php/v3/yw/r/4Nb4oyv3XvH.js?_nc_x=Ij3Wp8lg5Kz (342)
[0909/134744.812:INFO:CONSOLE(342)] "FTS:Indexer:indexQueuedBatch: Completed batch", source: https://static.whatsapp.net/rsrc.php/v3/yw/r/4Nb4oyv3XvH.js?_nc_x=Ij3Wp8lg5Kz (342)
[0909/134744.820:INFO:CONSOLE(342)] "FTS:Indexer:indexQueuedBatch: Completed", source: https://static.whatsapp.net/rsrc.php/v3/yw/r/4Nb4oyv3XvH.js?_nc_x=Ij3Wp8lg5Kz (342)
[0909/135108.645:INFO:CONSOLE(342)] "FTS:Indexer:indexQueuedBatch: Starting new batch size : 1000", source: https://static.whatsapp.net/rsrc.php/v3/yw/r/4Nb4oyv3XvH.js?_nc_x=Ij3Wp8lg5Kz (342)
[0909/135109.013:INFO:CONSOLE(342)] "FTS:Indexer:indexQueuedBatch: Completed", source: https://static.whatsapp.net/rsrc.php/v3/yw/r/4Nb4oyv3XvH.js?_nc_x=Ij3Wp8lg5Kz (342)
[0909/135114.706:INFO:CONSOLE(150)] "Event handler of 'x-storagemutated-1' event must be added on the initial evaluation of worker script.", source: https://static.whatsapp.net/rsrc.php/v3/yL/r/Z0TPhS0RCj5.js?_nc_x=Ij3Wp8lg5Kz (150)
[0909/135214.071:INFO:CONSOLE(342)] "FTS:Indexer:indexQueuedBatch: Starting new batch size : 1000", source: https://static.whatsapp.net/rsrc.php/v3/yw/r/4Nb4oyv3XvH.js?_nc_x=Ij3Wp8lg5Kz (342)
[0909/135214.167:INFO:CONSOLE(342)] "FTS:Indexer:indexQueuedBatch: Completed batch", source: https://static.whatsapp.net/rsrc.php/v3/yw/r/4Nb4oyv3XvH.js?_nc_x=Ij3Wp8lg5Kz (342)
[0909/135214.168:INFO:CONSOLE(342)] "FTS:Indexer:indexQueuedBatch: Completed", source: https://static.whatsapp.net/rsrc.php/v3/yw/r/4Nb4oyv3XvH.js?_nc_x=Ij3Wp8lg5Kz (342)
[0909/135215.147:INFO:CONSOLE(150)] "Event handler of 'x-storagemutated-1' event must be added on the initial evaluation of worker script.", source: https://static.whatsapp.net/rsrc.php/v3/yL/r/Z0TPhS0RCj5.js?_nc_x=Ij3Wp8lg5Kz (150)
[0909/135219.294:INFO:CONSOLE(342)] "FTS:Indexer:indexQueuedBatch: Starting new batch size : 1000", source: https://static.whatsapp.net/rsrc.php/v3/yw/r/4Nb4oyv3XvH.js?_nc_x=Ij3Wp8lg5Kz (342)
[0909/135219.343:INFO:CONSOLE(342)] "FTS:Indexer:indexQueuedBatch: Completed", source: https://static.whatsapp.net/rsrc.php/v3/yw/r/4Nb4oyv3XvH.js?_nc_x=Ij3Wp8lg5Kz (342)
[0909/135222.694:INFO:CONSOLE(342)] "FTS:Indexer:indexQueuedBatch: Starting new batch size : 1000", source: https://static.whatsapp.net/rsrc.php/v3/yw/r/4Nb4oyv3XvH.js?_nc_x=Ij3Wp8lg5Kz (342)
[0909/135222.798:INFO:CONSOLE(342)] "FTS:Indexer:indexQueuedBatch: Completed batch", source: https://static.whatsapp.net/rsrc.php/v3/yw/r/4Nb4oyv3XvH.js?_nc_x=Ij3Wp8lg5Kz (342)
[0909/135222.798:INFO:CONSOLE(342)] "FTS:Indexer:indexQueuedBatch: Completed", source: https://static.whatsapp.net/rsrc.php/v3/yw/r/4Nb4oyv3XvH.js?_nc_x=Ij3Wp8lg5Kz (342)
[0909/135432.099:INFO:CONSOLE(342)] "FTS:Indexer:indexQueuedBatch: Starting new batch size : 1000", source: https://static.whatsapp.net/rsrc.php/v3/yw/r/4Nb4oyv3XvH.js?_nc_x=Ij3Wp8lg5Kz (342)
[0909/135432.786:INFO:CONSOLE(342)] "FTS:Indexer:indexQueuedBatch: Completed batch", source: https://static.whatsapp.net/rsrc.php/v3/yw/r/4Nb4oyv3XvH.js?_nc_x=Ij3Wp8lg5Kz (342)
[0909/135432.789:INFO:CONSOLE(342)] "FTS:Indexer:indexQueuedBatch: Completed", source: https://static.whatsapp.net/rsrc.php/v3/yw/r/4Nb4oyv3XvH.js?_nc_x=Ij3Wp8lg5Kz (342)
[0909/135518.540:INFO:CONSOLE(342)] "FTS:Indexer:indexQueuedBatch: Starting new batch size : 1000", source: https://static.whatsapp.net/rsrc.php/v3/yw/r/4Nb4oyv3XvH.js?_nc_x=Ij3Wp8lg5Kz (342)
[0909/135518.563:INFO:CONSOLE(342)] "FTS:Indexer:indexQueuedBatch: Completed", source: https://static.whatsapp.net/rsrc.php/v3/yw/r/4Nb4oyv3XvH.js?_nc_x=Ij3Wp8lg5Kz (342)
[0909/135518.875:INFO:CONSOLE(342)] "FTS:Indexer:indexQueuedBatch: Starting new batch size : 1000", source: https://static.whatsapp.net/rsrc.php/v3/yw/r/4Nb4oyv3XvH.js?_nc_x=Ij3Wp8lg5Kz (342)
[0909/135519.334:INFO:CONSOLE(150)] "Event handler of 'x-storagemutated-1' event must be added on the initial evaluation of worker script.", source: https://static.whatsapp.net/rsrc.php/v3/yL/r/Z0TPhS0RCj5.js?_nc_x=Ij3Wp8lg5Kz (150)
[0909/135520.048:INFO:CONSOLE(342)] "FTS:Indexer:indexQueuedBatch: Completed batch", source: https://static.whatsapp.net/rsrc.php/v3/yw/r/4Nb4oyv3XvH.js?_nc_x=Ij3Wp8lg5Kz (342)
[0909/135520.051:INFO:CONSOLE(342)] "FTS:Indexer:indexQueuedBatch: Completed", source: https://static.whatsapp.net/rsrc.php/v3/yw/r/4Nb4oyv3XvH.js?_nc_x=Ij3Wp8lg5Kz (342)
[0909/135524.466:INFO:CONSOLE(342)] "FTS:Indexer:indexQueuedBatch: Starting new batch size : 1000", source: https://static.whatsapp.net/rsrc.php/v3/yw/r/4Nb4oyv3XvH.js?_nc_x=Ij3Wp8lg5Kz (342)
[0909/135524.530:INFO:CONSOLE(342)] "FTS:Indexer:indexQueuedBatch: Completed batch", source: https://static.whatsapp.net/rsrc.php/v3/yw/r/4Nb4oyv3XvH.js?_nc_x=Ij3Wp8lg5Kz (342)
[0909/135524.530:INFO:CONSOLE(342)] "FTS:Indexer:indexQueuedBatch: Completed", source: https://static.whatsapp.net/rsrc.php/v3/yw/r/4Nb4oyv3XvH.js?_nc_x=Ij3Wp8lg5Kz (342)
[0909/135527.906:INFO:CONSOLE(342)] "FTS:Indexer:indexQueuedBatch: Starting new batch size : 1000", source: https://static.whatsapp.net/rsrc.php/v3/yw/r/4Nb4oyv3XvH.js?_nc_x=Ij3Wp8lg5Kz (342)
[0909/135527.924:INFO:CONSOLE(342)] "FTS:Indexer:indexQueuedBatch: Completed batch", source: https://static.whatsapp.net/rsrc.php/v3/yw/r/4Nb4oyv3XvH.js?_nc_x=Ij3Wp8lg5Kz (342)
[0909/135527.925:INFO:CONSOLE(342)] "FTS:Indexer:indexQueuedBatch: Completed", source: https://static.whatsapp.net/rsrc.php/v3/yw/r/4Nb4oyv3XvH.js?_nc_x=Ij3Wp8lg5Kz (342)
[0909/135534.215:INFO:CONSOLE(342)] "FTS:Indexer:indexQueuedBatch: Starting new batch size : 1000", source: https://static.whatsapp.net/rsrc.php/v3/yw/r/4Nb4oyv3XvH.js?_nc_x=Ij3Wp8lg5Kz (342)
[0909/135534.237:INFO:CONSOLE(342)] "FTS:Indexer:indexQueuedBatch: Completed", source: https://static.whatsapp.net/rsrc.php/v3/yw/r/4Nb4oyv3XvH.js?_nc_x=Ij3Wp8lg5Kz (342)
[0909/135543.339:INFO:CONSOLE(342)] "FTS:Indexer:indexQueuedBatch: Starting new batch size : 1000", source: https://static.whatsapp.net/rsrc.php/v3/yw/r/4Nb4oyv3XvH.js?_nc_x=Ij3Wp8lg5Kz (342)
[0909/135543.339:INFO:CONSOLE(342)] "FTS:Indexer:indexQueuedBatch: Completed", source: https://static.whatsapp.net/rsrc.php/v3/yw/r/4Nb4oyv3XvH.js?_nc_x=Ij3Wp8lg5Kz (342)
[0909/135545.100:INFO:CONSOLE(342)] "FTS:Indexer:indexQueuedBatch: Starting new batch size : 1000", source: https://static.whatsapp.net/rsrc.php/v3/yw/r/4Nb4oyv3XvH.js?_nc_x=Ij3Wp8lg5Kz (342)
[0909/135545.107:INFO:CONSOLE(342)] "FTS:Indexer:indexQueuedBatch: Completed", source: https://static.whatsapp.net/rsrc.php/v3/yw/r/4Nb4oyv3XvH.js?_nc_x=Ij3Wp8lg5Kz (342)
[0909/135556.346:INFO:CONSOLE(342)] "FTS:Indexer:indexQueuedBatch: Starting new batch size : 1000", source: https://static.whatsapp.net/rsrc.php/v3/yw/r/4Nb4oyv3XvH.js?_nc_x=Ij3Wp8lg5Kz (342)
[0909/135556.368:INFO:CONSOLE(342)] "FTS:Indexer:indexQueuedBatch: Completed batch", source: https://static.whatsapp.net/rsrc.php/v3/yw/r/4Nb4oyv3XvH.js?_nc_x=Ij3Wp8lg5Kz (342)
[0909/135556.368:INFO:CONSOLE(342)] "FTS:Indexer:indexQueuedBatch: Completed", source: https://static.whatsapp.net/rsrc.php/v3/yw/r/4Nb4oyv3XvH.js?_nc_x=Ij3Wp8lg5Kz (342)
[0909/135601.915:INFO:CONSOLE(342)] "FTS:Indexer:indexQueuedBatch: Starting new batch size : 1000", source: https://static.whatsapp.net/rsrc.php/v3/yw/r/4Nb4oyv3XvH.js?_nc_x=Ij3Wp8lg5Kz (342)
[0909/135601.935:INFO:CONSOLE(342)] "FTS:Indexer:indexQueuedBatch: Completed batch", source: https://static.whatsapp.net/rsrc.php/v3/yw/r/4Nb4oyv3XvH.js?_nc_x=Ij3Wp8lg5Kz (342)
[0909/135601.935:INFO:CONSOLE(342)] "FTS:Indexer:indexQueuedBatch: Completed", source: https://static.whatsapp.net/rsrc.php/v3/yw/r/4Nb4oyv3XvH.js?_nc_x=Ij3Wp8lg5Kz (342)
[0909/135633.160:INFO:CONSOLE(342)] "FTS:Indexer:indexQueuedBatch: Starting new batch size : 1000", source: https://static.whatsapp.net/rsrc.php/v3/yw/r/4Nb4oyv3XvH.js?_nc_x=Ij3Wp8lg5Kz (342)
[0909/135633.186:INFO:CONSOLE(342)] "FTS:Indexer:indexQueuedBatch: Completed", source: https://static.whatsapp.net/rsrc.php/v3/yw/r/4Nb4oyv3XvH.js?_nc_x=Ij3Wp8lg5Kz (342)
[0909/140503.691:INFO:CONSOLE(342)] "FTS:Indexer:indexQueuedBatch: Starting new batch size : 1000", source: https://static.whatsapp.net/rsrc.php/v3/yw/r/4Nb4oyv3XvH.js?_nc_x=Ij3Wp8lg5Kz (342)
[0909/140503.766:INFO:CONSOLE(342)] "FTS:Indexer:indexQueuedBatch: Completed batch", source: https://static.whatsapp.net/rsrc.php/v3/yw/r/4Nb4oyv3XvH.js?_nc_x=Ij3Wp8lg5Kz (342)
[0909/140503.778:INFO:CONSOLE(342)] "FTS:Indexer:indexQueuedBatch: Completed", source: https://static.whatsapp.net/rsrc.php/v3/yw/r/4Nb4oyv3XvH.js?_nc_x=Ij3Wp8lg5Kz (342)
[0909/140504.174:INFO:CONSOLE(150)] "Event handler of 'x-storagemutated-1' event must be added on the initial evaluation of worker script.", source: https://static.whatsapp.net/rsrc.php/v3/yL/r/Z0TPhS0RCj5.js?_nc_x=Ij3Wp8lg5Kz (150)
[0909/140831.192:INFO:CONSOLE(342)] "FTS:Indexer:indexQueuedBatch: Starting new batch size : 1000", source: https://static.whatsapp.net/rsrc.php/v3/yw/r/4Nb4oyv3XvH.js?_nc_x=Ij3Wp8lg5Kz (342)
[0909/140831.235:INFO:CONSOLE(342)] "FTS:Indexer:indexQueuedBatch: Completed batch", source: https://static.whatsapp.net/rsrc.php/v3/yw/r/4Nb4oyv3XvH.js?_nc_x=Ij3Wp8lg5Kz (342)
[0909/140831.235:INFO:CONSOLE(342)] "FTS:Indexer:indexQueuedBatch: Completed", source: https://static.whatsapp.net/rsrc.php/v3/yw/r/4Nb4oyv3XvH.js?_nc_x=Ij3Wp8lg5Kz (342)
[0909/140831.803:INFO:CONSOLE(150)] "Event handler of 'x-storagemutated-1' event must be added on the initial evaluation of worker script.", source: https://static.whatsapp.net/rsrc.php/v3/yL/r/Z0TPhS0RCj5.js?_nc_x=Ij3Wp8lg5Kz (150)
[0909/140842.152:INFO:CONSOLE(342)] "FTS:Indexer:indexQueuedBatch: Starting new batch size : 1000", source: https://static.whatsapp.net/rsrc.php/v3/yw/r/4Nb4oyv3XvH.js?_nc_x=Ij3Wp8lg5Kz (342)
[0909/140842.172:INFO:CONSOLE(342)] "FTS:Indexer:indexQueuedBatch: Completed batch", source: https://static.whatsapp.net/rsrc.php/v3/yw/r/4Nb4oyv3XvH.js?_nc_x=Ij3Wp8lg5Kz (342)
[0909/140842.176:INFO:CONSOLE(342)] "FTS:Indexer:indexQueuedBatch: Completed", source: https://static.whatsapp.net/rsrc.php/v3/yw/r/4Nb4oyv3XvH.js?_nc_x=Ij3Wp8lg5Kz (342)
[0909/140853.153:INFO:CONSOLE(342)] "FTS:Indexer:indexQueuedBatch: Starting new batch size : 1000", source: https://static.whatsapp.net/rsrc.php/v3/yw/r/4Nb4oyv3XvH.js?_nc_x=Ij3Wp8lg5Kz (342)
[0909/140853.172:INFO:CONSOLE(342)] "FTS:Indexer:indexQueuedBatch: Completed", source: https://static.whatsapp.net/rsrc.php/v3/yw/r/4Nb4oyv3XvH.js?_nc_x=Ij3Wp8lg5Kz (342)
[0909/140916.841:INFO:CONSOLE(342)] "FTS:Indexer:indexQueuedBatch: Starting new batch size : 1000", source: https://static.whatsapp.net/rsrc.php/v3/yw/r/4Nb4oyv3XvH.js?_nc_x=Ij3Wp8lg5Kz (342)
[0909/140916.861:INFO:CONSOLE(342)] "FTS:Indexer:indexQueuedBatch: Completed batch", source: https://static.whatsapp.net/rsrc.php/v3/yw/r/4Nb4oyv3XvH.js?_nc_x=Ij3Wp8lg5Kz (342)
[0909/140916.882:INFO:CONSOLE(342)] "FTS:Indexer:indexQueuedBatch: Completed", source: https://static.whatsapp.net/rsrc.php/v3/yw/r/4Nb4oyv3XvH.js?_nc_x=Ij3Wp8lg5Kz (342)
[0909/140941.584:INFO:CONSOLE(342)] "FTS:Indexer:indexQueuedBatch: Starting new batch size : 1000", source: https://static.whatsapp.net/rsrc.php/v3/yw/r/4Nb4oyv3XvH.js?_nc_x=Ij3Wp8lg5Kz (342)
[0909/140941.605:INFO:CONSOLE(342)] "FTS:Indexer:indexQueuedBatch: Completed batch", source: https://static.whatsapp.net/rsrc.php/v3/yw/r/4Nb4oyv3XvH.js?_nc_x=Ij3Wp8lg5Kz (342)
[0909/140941.605:INFO:CONSOLE(342)] "FTS:Indexer:indexQueuedBatch: Completed", source: https://static.whatsapp.net/rsrc.php/v3/yw/r/4Nb4oyv3XvH.js?_nc_x=Ij3Wp8lg5Kz (342)
[0909/140942.041:INFO:CONSOLE(150)] "Event handler of 'x-storagemutated-1' event must be added on the initial evaluation of worker script.", source: https://static.whatsapp.net/rsrc.php/v3/yL/r/Z0TPhS0RCj5.js?_nc_x=Ij3Wp8lg5Kz (150)
[0909/141021.838:INFO:CONSOLE(342)] "FTS:Indexer:indexQueuedBatch: Starting new batch size : 1000", source: https://static.whatsapp.net/rsrc.php/v3/yw/r/4Nb4oyv3XvH.js?_nc_x=Ij3Wp8lg5Kz (342)
[0909/141021.858:INFO:CONSOLE(342)] "FTS:Indexer:indexQueuedBatch: Completed batch", source: https://static.whatsapp.net/rsrc.php/v3/yw/r/4Nb4oyv3XvH.js?_nc_x=Ij3Wp8lg5Kz (342)
[0909/141021.858:INFO:CONSOLE(342)] "FTS:Indexer:indexQueuedBatch: Completed", source: https://static.whatsapp.net/rsrc.php/v3/yw/r/4Nb4oyv3XvH.js?_nc_x=Ij3Wp8lg5Kz (342)
[0909/144641.485:INFO:CONSOLE(342)] "FTS:Indexer:indexQueuedBatch: Starting new batch size : 1000", source: https://static.whatsapp.net/rsrc.php/v3/yw/r/4Nb4oyv3XvH.js?_nc_x=Ij3Wp8lg5Kz (342)
[0909/144641.545:INFO:CONSOLE(342)] "FTS:Indexer:indexQueuedBatch: Completed", source: https://static.whatsapp.net/rsrc.php/v3/yw/r/4Nb4oyv3XvH.js?_nc_x=Ij3Wp8lg5Kz (342)
[0909/144723.450:INFO:CONSOLE(342)] "FTS:Indexer:indexQueuedBatch: Starting new batch size : 1000", source: https://static.whatsapp.net/rsrc.php/v3/yw/r/4Nb4oyv3XvH.js?_nc_x=Ij3Wp8lg5Kz (342)
[0909/144723.493:INFO:CONSOLE(342)] "FTS:Indexer:indexQueuedBatch: Completed batch", source: https://static.whatsapp.net/rsrc.php/v3/yw/r/4Nb4oyv3XvH.js?_nc_x=Ij3Wp8lg5Kz (342)
[0909/144723.521:INFO:CONSOLE(342)] "FTS:Indexer:indexQueuedBatch: Completed", source: https://static.whatsapp.net/rsrc.php/v3/yw/r/4Nb4oyv3XvH.js?_nc_x=Ij3Wp8lg5Kz (342)
[0909/144928.203:INFO:CONSOLE(342)] "FTS:Indexer:indexQueuedBatch: Starting new batch size : 1000", source: https://static.whatsapp.net/rsrc.php/v3/yw/r/4Nb4oyv3XvH.js?_nc_x=Ij3Wp8lg5Kz (342)
[0909/144928.232:INFO:CONSOLE(342)] "FTS:Indexer:indexQueuedBatch: Completed batch", source: https://static.whatsapp.net/rsrc.php/v3/yw/r/4Nb4oyv3XvH.js?_nc_x=Ij3Wp8lg5Kz (342)
[0909/144928.235:INFO:CONSOLE(342)] "FTS:Indexer:indexQueuedBatch: Completed", source: https://static.whatsapp.net/rsrc.php/v3/yw/r/4Nb4oyv3XvH.js?_nc_x=Ij3Wp8lg5Kz (342)
